0 info it worked if it ends with ok
1 verbose cli [ '/Users/albinanurmatova/.nvm/versions/node/v6.10.2/bin/node',
1 verbose cli   '/Users/albinanurmatova/.nvm/versions/node/v6.10.2/bin/npm',
1 verbose cli   'start' ]
2 info using npm@3.10.10
3 info using node@v6.10.2
4 verbose run-script [ 'prestart', 'start', 'poststart' ]
5 info lifecycle TravelProject@1.0.0~prestart: TravelProject@1.0.0
6 silly lifecycle TravelProject@1.0.0~prestart: no script for prestart, continuing
7 info lifecycle TravelProject@1.0.0~start: TravelProject@1.0.0
8 verbose lifecycle TravelProject@1.0.0~start: unsafe-perm in lifecycle true
9 verbose lifecycle TravelProject@1.0.0~start: PATH: /Users/albinanurmatova/.nvm/versions/node/v6.10.2/lib/node_modules/npm/bin/node-gyp-bin:/Users/albinanurmatova/Desktop/Coding-Dojo/MEAN2/TravelProject/node_modules/.bin:/Users/albinanurmatova/.nvm/versions/node/v6.10.2/bin:/usr/local/bin:/usr/bin:/bin:/usr/sbin:/sbin:/usr/local/TEE-CLC-14.0.1:/opt/X11/bin:/usr/local/share/dotnet:/usr/local/go/bin
10 verbose lifecycle TravelProject@1.0.0~start: CWD: /Users/albinanurmatova/Desktop/Coding-Dojo/MEAN2/TravelProject
11 silly lifecycle TravelProject@1.0.0~start: Args: [ '-c', 'node server.js' ]
12 silly lifecycle TravelProject@1.0.0~start: Returned: code: 1  signal: null
13 info lifecycle TravelProject@1.0.0~start: Failed to exec start script
14 verbose stack Error: TravelProject@1.0.0 start: `node server.js`
14 verbose stack Exit status 1
14 verbose stack     at EventEmitter.<anonymous> (/Users/albinanurmatova/.nvm/versions/node/v6.10.2/lib/node_modules/npm/lib/utils/lifecycle.js:255:16)
14 verbose stack     at emitTwo (events.js:106:13)
14 verbose stack     at EventEmitter.emit (events.js:191:7)
14 verbose stack     at ChildProcess.<anonymous> (/Users/albinanurmatova/.nvm/versions/node/v6.10.2/lib/node_modules/npm/lib/utils/spawn.js:40:14)
14 verbose stack     at emitTwo (events.js:106:13)
14 verbose stack     at ChildProcess.emit (events.js:191:7)
14 verbose stack     at maybeClose (internal/child_process.js:886:16)
14 verbose stack     at Process.ChildProcess._handle.onexit (internal/child_process.js:226:5)
15 verbose pkgid TravelProject@1.0.0
16 verbose cwd /Users/albinanurmatova/Desktop/Coding-Dojo/MEAN2/TravelProject
17 error Darwin 15.2.0
18 error argv "/Users/albinanurmatova/.nvm/versions/node/v6.10.2/bin/node" "/Users/albinanurmatova/.nvm/versions/node/v6.10.2/bin/npm" "start"
19 error node v6.10.2
20 error npm  v3.10.10
21 error code ELIFECYCLE
22 error TravelProject@1.0.0 start: `node server.js`
22 error Exit status 1
23 error Failed at the TravelProject@1.0.0 start script 'node server.js'.
23 error Make sure you have the latest version of node.js and npm installed.
23 error If you do, this is most likely a problem with the TravelProject package,
23 error not with npm itself.
23 error Tell the author that this fails on your system:
23 error     node server.js
23 error You can get information on how to open an issue for this project with:
23 error     npm bugs TravelProject
23 error Or if that isn't available, you can get their info via:
23 error     npm owner ls TravelProject
23 error There is likely additional logging output above.
24 verbose exit [ 1, true ]
